app/build/intermediates/manifest_merge_blame_file/debug/manifest-merger-blame-debug-report.txt
1<?xml version="1.0" encoding="utf-8"?>
2<manifest xmlns:android="http://schemas.android.com/apk/res/android"
3    package="kr.ac.inha.nsl.KevinKit"
4    android:versionCode="9"
5    android:versionName="2.5" >
6
7    <uses-sdk
8        android:minSdkVersion="21"
9        android:targetSdkVersion="28" />
10
11    <uses-permission android:name="android.permission.ACCESS_MOCK_LOCATION" />
11-->src\main\AndroidManifest.xml:31:5-33:60
11-->src\main\AndroidManifest.xml:32:9-63
12    <uses-permission android:name="android.permission.ACCESS_FINE_LOCATION" />
12-->src\main\AndroidManifest.xml:6:5-79
12-->src\main\AndroidManifest.xml:6:22-76
13    <uses-permission android:name="android.permission.ACCESS_COARSE_LOCATION" />
13-->src\main\AndroidManifest.xml:7:5-81
13-->src\main\AndroidManifest.xml:7:22-78
14    <uses-permission android:name="android.permission.ACCESS_BACKGROUND_LOCATION" />
14-->src\main\AndroidManifest.xml:8:5-85
14-->src\main\AndroidManifest.xml:8:22-82
15    <uses-permission android:name="android.permission.INTERNET" />
15-->src\main\AndroidManifest.xml:9:5-67
15-->src\main\AndroidManifest.xml:9:22-64
16    <uses-permission android:name="android.permission.WAKE_LOCK" />
16-->src\main\AndroidManifest.xml:10:5-68
16-->src\main\AndroidManifest.xml:10:22-65
17    <uses-permission android:name="android.permission.VIBRATE" />
17-->src\main\AndroidManifest.xml:11:5-66
17-->src\main\AndroidManifest.xml:11:22-63
18    <uses-permission android:name="android.permission.DISABLE_KEYGUARD" />
18-->src\main\AndroidManifest.xml:12:5-75
18-->src\main\AndroidManifest.xml:12:22-72
19    <uses-permission android:name="android.permission.ACCESS_NETWORK_STATE" />
19-->src\main\AndroidManifest.xml:13:5-79
19-->src\main\AndroidManifest.xml:13:22-76
20    <uses-permission android:name="android.permission.FOREGROUND_SERVICE" />
20-->src\main\AndroidManifest.xml:14:5-77
20-->src\main\AndroidManifest.xml:14:22-74
21    <uses-permission android:name="android.permission.BLUETOOTH" />
21-->src\main\AndroidManifest.xml:15:5-68
21-->src\main\AndroidManifest.xml:15:22-65
22    <uses-permission android:name="android.permission.BLUETOOTH_ADMIN" />
22-->src\main\AndroidManifest.xml:16:5-74
22-->src\main\AndroidManifest.xml:16:22-71
23    <uses-permission android:name="com.samsung.accessory.permission.ACCESSORY_FRAMEWORK" />
23-->src\main\AndroidManifest.xml:17:5-92
23-->src\main\AndroidManifest.xml:17:22-89
24    <uses-permission android:name="android.permission.WRITE_EXTERNAL_STORAGE" />
24-->src\main\AndroidManifest.xml:18:5-81
24-->src\main\AndroidManifest.xml:18:22-78
25    <uses-permission android:name="com.samsung.android.providers.context.permission.WRITE_USE_APP_FEATURE_SURVEY" />
25-->src\main\AndroidManifest.xml:19:5-117
25-->src\main\AndroidManifest.xml:19:22-114
26    <uses-permission android:name="com.samsung.wmanager.ENABLE_NOTIFICATION" />
26-->src\main\AndroidManifest.xml:20:5-80
26-->src\main\AndroidManifest.xml:20:22-77
27    <uses-permission android:name="com.samsung.WATCH_APP_TYPE.Companion" />
27-->src\main\AndroidManifest.xml:21:5-76
27-->src\main\AndroidManifest.xml:21:22-73
28    <uses-permission android:name="android.permission.READ_PHONE_STATE" />
28-->src\main\AndroidManifest.xml:22:5-75
28-->src\main\AndroidManifest.xml:22:22-72
29    <uses-permission android:name="android.permission.PROCESS_OUTGOING_CALLS" />
29-->src\main\AndroidManifest.xml:23:5-81
29-->src\main\AndroidManifest.xml:23:22-78
30    <uses-permission android:name="android.permission.RECEIVE_BOOT_COMPLETED" />
30-->src\main\AndroidManifest.xml:24:5-81
30-->src\main\AndroidManifest.xml:24:22-78
31    <uses-permission android:name="android.permission.RECORD_AUDIO" />
31-->src\main\AndroidManifest.xml:25:5-71
31-->src\main\AndroidManifest.xml:25:22-68
32    <uses-permission android:name="com.google.android.gms.permission.ACTIVITY_RECOGNITION" />
32-->src\main\AndroidManifest.xml:26:5-94
32-->src\main\AndroidManifest.xml:26:22-91
33    <uses-permission android:name="com.google.android.providers.gsf.permission.READ_GSERVICES" />
33-->src\main\AndroidManifest.xml:27:5-98
33-->src\main\AndroidManifest.xml:27:22-95
34    <uses-permission android:name="android.permission.PACKAGE_USAGE_STATS" />
34-->src\main\AndroidManifest.xml:28:5-30:47
34-->src\main\AndroidManifest.xml:29:9-62
35
36    <uses-feature android:name="android.hardware.sensor.stepdetector" />
36-->src\main\AndroidManifest.xml:35:5-73
36-->src\main\AndroidManifest.xml:35:19-70
37    <uses-feature android:name="android.hardware.sensor.stepcounter" />
37-->src\main\AndroidManifest.xml:36:5-72
37-->src\main\AndroidManifest.xml:36:19-69
38    <uses-feature
38-->src\main\AndroidManifest.xml:37:5-39:35
39        android:glEsVersion="0x00020000"
39-->src\main\AndroidManifest.xml:38:9-41
40        android:required="true" />
40-->src\main\AndroidManifest.xml:39:9-32
41
42    <application
42-->src\main\AndroidManifest.xml:41:5-161:19
43        android:allowBackup="false"
43-->src\main\AndroidManifest.xml:42:9-36
44        android:appComponentFactory="androidx.core.app.CoreComponentFactory"
44-->[androidx.core:core:1.1.0] AndroidManifest.xml:24:18-86
45        android:debuggable="true"
46        android:icon="@mipmap/ic_launcher"
46-->src\main\AndroidManifest.xml:43:9-43
47        android:label="@string/app_name"
47-->src\main\AndroidManifest.xml:44:9-41
48        android:networkSecurityConfig="@xml/network_security_config" >
48-->src\main\AndroidManifest.xml:45:9-69
49        <activity
49-->src\main\AndroidManifest.xml:49:9-51:47
50            android:name="kr.ac.inha.nsl.old.ViewFilesActivity"
50-->src\main\AndroidManifest.xml:50:13-50
51            android:theme="@style/AppTheme" />
51-->src\main\AndroidManifest.xml:51:13-44
52        <activity
52-->src\main\AndroidManifest.xml:52:9-63:20
53            android:name="kr.ac.inha.nsl.SignInActivity"
53-->src\main\AndroidManifest.xml:53:13-43
54            android:label="@string/app_name"
54-->src\main\AndroidManifest.xml:54:13-45
55            android:launchMode="singleTask"
55-->src\main\AndroidManifest.xml:55:13-44
56            android:screenOrientation="portrait"
56-->src\main\AndroidManifest.xml:56:13-49
57            android:theme="@style/AppTheme" >
57-->src\main\AndroidManifest.xml:57:13-44
58            <intent-filter>
58-->src\main\AndroidManifest.xml:58:13-62:29
59                <action android:name="android.intent.action.MAIN" />
59-->src\main\AndroidManifest.xml:59:17-69
59-->src\main\AndroidManifest.xml:59:25-66
60
61                <category android:name="android.intent.category.LAUNCHER" />
61-->src\main\AndroidManifest.xml:61:17-77
61-->src\main\AndroidManifest.xml:61:27-74
62            </intent-filter>
63        </activity>
64        <activity
64-->src\main\AndroidManifest.xml:64:9-66:47
65            android:name="kr.ac.inha.nsl.SignUpActivity"
65-->src\main\AndroidManifest.xml:65:13-43
66            android:theme="@style/AppTheme" />
66-->src\main\AndroidManifest.xml:66:13-44
67        <activity
67-->src\main\AndroidManifest.xml:67:9-69:47
68            android:name="kr.ac.inha.nsl.MainActivity"
68-->src\main\AndroidManifest.xml:68:13-41
69            android:theme="@style/AppTheme" />
69-->src\main\AndroidManifest.xml:69:13-44
70        <activity
70-->src\main\AndroidManifest.xml:70:9-72:47
71            android:name="kr.ac.inha.nsl.old.DbViewActivity"
71-->src\main\AndroidManifest.xml:71:13-47
72            android:theme="@style/AppTheme" />
72-->src\main\AndroidManifest.xml:72:13-44
73        <activity
73-->src\main\AndroidManifest.xml:73:9-75:47
74            android:name="kr.ac.inha.nsl.EMAActivity"
74-->src\main\AndroidManifest.xml:74:13-40
75            android:theme="@style/AppTheme" />
75-->src\main\AndroidManifest.xml:75:13-44
76        <activity
76-->src\main\AndroidManifest.xml:76:9-78:47
77            android:name="kr.ac.inha.nsl.LocationsSettingActivity"
77-->src\main\AndroidManifest.xml:77:13-53
78            android:theme="@style/AppTheme" />
78-->src\main\AndroidManifest.xml:78:13-44
79
80        <service android:name="kr.ac.inha.nsl.services.CustomSensorsService" />
80-->src\main\AndroidManifest.xml:80:9-66
80-->src\main\AndroidManifest.xml:80:18-63
81        <service android:name="kr.ac.inha.nsl.services.StationaryDetector" />
81-->src\main\AndroidManifest.xml:81:9-64
81-->src\main\AndroidManifest.xml:81:18-61
82        <service android:name="kr.ac.inha.nsl.services.LocationService" />
82-->src\main\AndroidManifest.xml:82:9-61
82-->src\main\AndroidManifest.xml:82:18-58
83        <service android:name="kr.ac.inha.nsl.services.SendGPSStats" />
83-->src\main\AndroidManifest.xml:83:9-58
83-->src\main\AndroidManifest.xml:83:18-55
84
85        <receiver android:name="kr.ac.inha.nsl.receivers.GeofenceReceiver" />
85-->src\main\AndroidManifest.xml:85:9-64
85-->src\main\AndroidManifest.xml:85:19-61
86        <receiver android:name="kr.ac.inha.nsl.receivers.ActivityRecognitionReceiver" />
86-->src\main\AndroidManifest.xml:86:9-75
86-->src\main\AndroidManifest.xml:86:19-72
87        <receiver android:name="kr.ac.inha.nsl.receivers.ActivityTransitionsReceiver" />
87-->src\main\AndroidManifest.xml:87:9-75
87-->src\main\AndroidManifest.xml:87:19-72
88        <receiver android:name="kr.ac.inha.nsl.receivers.PhoneUnlockedReceiver" />
88-->src\main\AndroidManifest.xml:88:9-69
88-->src\main\AndroidManifest.xml:88:19-66
89        <receiver android:name="kr.ac.inha.nsl.receivers.ConnectionReceiver" >
89-->src\main\AndroidManifest.xml:89:9-95:20
89-->src\main\AndroidManifest.xml:89:19-63
90            <intent-filter>
90-->src\main\AndroidManifest.xml:90:13-94:29
91                <action android:name="android.net.conn.CONNECTIVITY_CHANGE" />
91-->src\main\AndroidManifest.xml:91:17-93:50
91-->src\main\AndroidManifest.xml:92:21-72
92            </intent-filter>
93        </receiver>
94        <receiver
94-->src\main\AndroidManifest.xml:96:9-102:20
95            android:name="com.samsung.android.sdk.accessory.RegisterUponInstallReceiver"
95-->src\main\AndroidManifest.xml:97:13-89
96            android:permission="vuala" >
96-->src\main\AndroidManifest.xml:98:13-39
97            <intent-filter>
97-->src\main\AndroidManifest.xml:99:13-101:29
98                <action android:name="com.samsung.accessory.action.REGISTER_AGENT" />
98-->src\main\AndroidManifest.xml:100:17-86
98-->src\main\AndroidManifest.xml:100:25-83
99            </intent-filter>
100        </receiver>
101        <receiver
101-->src\main\AndroidManifest.xml:103:9-109:20
102            android:name="com.samsung.android.sdk.accessory.ServiceConnectionIndicationBroadcastReceiver"
102-->src\main\AndroidManifest.xml:104:13-106
103            android:permission="vuala" >
103-->src\main\AndroidManifest.xml:105:13-39
104            <intent-filter>
104-->src\main\AndroidManifest.xml:106:13-108:29
105                <action android:name="com.samsung.accessory.action.SERVICE_CONNECTION_REQUESTED" />
105-->src\main\AndroidManifest.xml:107:17-100
105-->src\main\AndroidManifest.xml:107:25-97
106            </intent-filter>
107        </receiver>
108        <receiver
108-->src\main\AndroidManifest.xml:110:9-119:20
109            android:name="kr.ac.inha.nsl.receivers.CallReceiver"
109-->src\main\AndroidManifest.xml:111:13-51
110            android:enabled="true" >
110-->src\main\AndroidManifest.xml:112:13-35
111            <intent-filter>
111-->src\main\AndroidManifest.xml:113:13-115:29
112                <action android:name="android.intent.action.PHONE_STATE" />
112-->src\main\AndroidManifest.xml:114:17-76
112-->src\main\AndroidManifest.xml:114:25-73
113            </intent-filter>
114            <intent-filter>
114-->src\main\AndroidManifest.xml:116:13-118:29
115                <action android:name="android.intent.action.NEW_OUTGOING_CALL" />
115-->src\main\AndroidManifest.xml:117:17-82
115-->src\main\AndroidManifest.xml:117:25-79
116            </intent-filter>
117        </receiver>
118        <receiver
118-->src\main\AndroidManifest.xml:120:9-127:20
119            android:name="kr.ac.inha.nsl.receivers.RebootReceiver"
119-->src\main\AndroidManifest.xml:121:13-53
120            android:enabled="true"
120-->src\main\AndroidManifest.xml:122:13-35
121            android:exported="false" >
121-->src\main\AndroidManifest.xml:123:13-37
122            <intent-filter>
122-->src\main\AndroidManifest.xml:124:13-126:29
123                <action android:name="android.intent.action.BOOT_COMPLETED" />
123-->src\main\AndroidManifest.xml:125:17-79
123-->src\main\AndroidManifest.xml:125:25-76
124            </intent-filter>
125        </receiver>
126
127        <meta-data
127-->src\main\AndroidManifest.xml:129:9-131:69
128            android:name="com.google.android.gms.version"
128-->src\main\AndroidManifest.xml:130:13-58
129            android:value="@integer/google_play_services_version" />
129-->src\main\AndroidManifest.xml:131:13-66
130        <meta-data
130-->src\main\AndroidManifest.xml:132:9-134:55
131            android:name="com.google.android.maps.v2.API_KEY"
131-->src\main\AndroidManifest.xml:133:13-62
132            android:value="@string/google_maps_key" />
132-->src\main\AndroidManifest.xml:134:13-52
133
134        <uses-library
134-->src\main\AndroidManifest.xml:136:9-138:40
135            android:name="org.apache.http.legacy"
135-->src\main\AndroidManifest.xml:137:13-50
136            android:required="false" />
136-->src\main\AndroidManifest.xml:138:13-37
137
138        <!--
139        <provider
140            android:name="android.support.v4.content.FileProvider"
141            android:authorities="com.samsung.android.sdk.accessory.example.filetransfer.receiver"
142            android:exported="false"
143            android:grantUriPermissions="true">
144            <meta-data
145                android:name="android.support.FILE_PROVIDER_PATHS"
146                android:resource="@xml/file_paths" />
147        </provider>
148
149        <receiver
150            android:name=".MainActivity$ConsumerServiceReceiver"
151            android:enabled="true"
152            android:exported="true"
153            android:permission="vuala" />
154
155        <receiver android:name="com.samsung.android.sdk.accessoryfiletransfer.SAFileTransferIncomingRequestReceiver">
156            <intent-filter>
157                <action android:name="com.samsung.accessory.ftconnection" />
158            </intent-filter>
159        </receiver>
160        -->
161        <activity
161-->[com.google.android.gms:play-services-base:16.0.1] AndroidManifest.xml:23:9-26:75
162            android:name="com.google.android.gms.common.api.GoogleApiActivity"
162-->[com.google.android.gms:play-services-base:16.0.1] AndroidManifest.xml:24:13-79
163            android:exported="false"
163-->[com.google.android.gms:play-services-base:16.0.1] AndroidManifest.xml:25:13-37
164            android:theme="@android:style/Theme.Translucent.NoTitleBar" />
164-->[com.google.android.gms:play-services-base:16.0.1] AndroidManifest.xml:26:13-72
165    </application>
166
167</manifest>